Using pre-set license
Built from '2020.3/staging' branch; Version is '2020.3.14f1 (d0d1bb862f9d) revision 13685179'; Using compiler version '192528614'; Build Type 'Release'
OS: 'Windows 10 Home; OS build 19042.1110; Version 2009; 64bit' Language: 'ja' Physical Memory: 16103 MB
BatchMode: 1, IsHumanControllingUs: 0, StartBugReporterOnCrash: 0, Is64bit: 1, IsPro: 0

 COMMAND LINE ARGUMENTS:
C:\Program Files\Unity\Hub\Editor\2020.3.14f1\Editor\Unity.exe
-adb2
-batchMode
-noUpm
-name
AssetImportWorker0
-projectPath
C:/Users/lunji/3D Objects/AssetTest
-logFile
Logs/AssetImportWorker0.log
-srvPort
53306
Successfully changed project path to: C:/Users/lunji/3D Objects/AssetTest
C:/Users/lunji/3D Objects/AssetTest
Using Asset Import Pipeline V2.
Refreshing native plugins compatible for Editor in 38.33 ms, found 2 plugins.
Preloading 0 native plugins for Editor in 0.00 ms.
Initialize engine version: 2020.3.14f1 (d0d1bb862f9d)
[Subsystems] Discovering subsystems at path C:/Program Files/Unity/Hub/Editor/2020.3.14f1/Editor/Data/Resources/UnitySubsystems
[Subsystems] Discovering subsystems at path C:/Users/lunji/3D Objects/AssetTest/Assets
GfxDevice: creating device client; threaded=0
Direct3D:
    Version:  Direct3D 11.0 [level 11.1]
    Renderer: Intel(R) Iris(R) Xe Graphics (ID=0x9a40)
    Vendor:   
    VRAM:     8051 MB
    Driver:   27.20.100.9778
Initialize mono
Mono path[0] = 'C:/Program Files/Unity/Hub/Editor/2020.3.14f1/Editor/Data/Managed'
Mono path[1] = 'C:/Program Files/Unity/Hub/Editor/2020.3.14f1/Editor/Data/MonoBleedingEdge/lib/mono/unityjit'
Mono config path = 'C:/Program Files/Unity/Hub/Editor/2020.3.14f1/Editor/Data/MonoBleedingEdge/etc'
Using monoOptions --debugger-agent=transport=dt_socket,embedding=1,server=y,suspend=n,address=127.0.0.1:56924
Begin MonoManager ReloadAssembly
Registering precompiled unity dll's ...
Register platform support module: C:/Program Files/Unity/Hub/Editor/2020.3.14f1/Editor/Data/PlaybackEngines/MacStandaloneSupport/UnityEditor.OSXStandalone.Extensions.dll
Register platform support module: C:/Program Files/Unity/Hub/Editor/2020.3.14f1/Editor/Data/PlaybackEngines/WindowsStandaloneSupport/UnityEditor.WindowsStandalone.Extensions.dll
Registered in 0.002679 seconds.
Native extension for WindowsStandalone target not found
Native extension for OSXStandalone target not found
Refreshing native plugins compatible for Editor in 45.34 ms, found 2 plugins.
Preloading 0 native plugins for Editor in 0.00 ms.
Mono: successfully reloaded assembly
- Completed reload, in  1.495 seconds
Domain Reload Profiling:
	ReloadAssembly (1495ms)
		BeginReloadAssembly (86ms)
			ExecutionOrderSort (0ms)
			DisableScriptedObjects (0ms)
			BackupInstance (0ms)
			ReleaseScriptingObjects (0ms)
			CreateAndSetChildDomain (1ms)
		EndReloadAssembly (637ms)
			LoadAssemblies (83ms)
			RebuildTransferFunctionScriptingTraits (0ms)
			SetupTypeCache (214ms)
			ReleaseScriptCaches (0ms)
			RebuildScriptCaches (53ms)
			SetupLoadedEditorAssemblies (260ms)
				LogAssemblyErrors (0ms)
				InitializePlatformSupportModulesInManaged (7ms)
				SetLoadedEditorAssemblies (0ms)
				RefreshPlugins (45ms)
				BeforeProcessingInitializeOnLoad (10ms)
				ProcessInitializeOnLoadAttributes (145ms)
				ProcessInitializeOnLoadMethodAttributes (51ms)
				AfterProcessingInitializeOnLoad (0ms)
				EditorAssembliesLoaded (0ms)
			ExecutionOrderSort2 (0ms)
			AwakeInstancesAfterBackupRestoration (0ms)
Platform modules already initialized, skipping
Registering precompiled user dll's ...
Registered in 0.005606 seconds.
Begin MonoManager ReloadAssembly
Native extension for WindowsStandalone target not found
Native extension for OSXStandalone target not found
Refreshing native plugins compatible for Editor in 0.42 ms, found 2 plugins.
Preloading 0 native plugins for Editor in 0.00 ms.
Mono: successfully reloaded assembly
- Completed reload, in  1.561 seconds
Domain Reload Profiling:
	ReloadAssembly (1562ms)
		BeginReloadAssembly (252ms)
			ExecutionOrderSort (0ms)
			DisableScriptedObjects (7ms)
			BackupInstance (0ms)
			ReleaseScriptingObjects (0ms)
			CreateAndSetChildDomain (28ms)
		EndReloadAssembly (1189ms)
			LoadAssemblies (137ms)
			RebuildTransferFunctionScriptingTraits (0ms)
			SetupTypeCache (386ms)
			ReleaseScriptCaches (1ms)
			RebuildScriptCaches (60ms)
			SetupLoadedEditorAssemblies (476ms)
				LogAssemblyErrors (0ms)
				InitializePlatformSupportModulesInManaged (9ms)
				SetLoadedEditorAssemblies (1ms)
				RefreshPlugins (1ms)
				BeforeProcessingInitializeOnLoad (86ms)
				ProcessInitializeOnLoadAttributes (366ms)
				ProcessInitializeOnLoadMethodAttributes (6ms)
				AfterProcessingInitializeOnLoad (8ms)
				EditorAssembliesLoaded (0ms)
			ExecutionOrderSort2 (0ms)
			AwakeInstancesAfterBackupRestoration (9ms)
Platform modules already initialized, skipping
========================================================================
Worker process is ready to serve import requests
Launched and connected shader compiler UnityShaderCompiler.exe after 0.05 seconds
Refreshing native plugins compatible for Editor in 0.38 ms, found 2 plugins.
Preloading 0 native plugins for Editor in 0.00 ms.
Unloading 1402 Unused Serialized files (Serialized files now loaded: 0)
System memory in use before: 67.7 MB.
System memory in use after: 67.8 MB.

Unloading 19 unused Assets to reduce memory usage. Loaded Objects now: 1835.
Total: 2.376500 ms (FindLiveObjects: 0.153000 ms CreateObjectMapping: 0.043100 ms MarkObjects: 2.062100 ms  DeleteObjects: 0.116000 ms)

AssetImportParameters requested are different than current active one (requested -> active):
  custom:framework-win-MediaFoundation: 216162199b28c13a410421893ffa2e32 -> 
  custom:video-decoder-ogg-theora: a1e56fd34408186e4bbccfd4996cb3dc -> 
  custom:container-muxer-webm: aa71ff27fc2769a1b78a27578f13a17b -> 
  custom:container-demuxer-webm: 4f35f7cbe854078d1ac9338744f61a02 -> 
  custom:container-demuxer-ogg: 62fdf1f143b41e24485cea50d1cbac27 -> 
  custom:video-encoder-webm-vp8: eb34c28f22e8b96e1ab97ce403110664 -> 
  custom:video-codec-MediaFoundation-h265: 746d11721c4dcdbdad8f713fa42b33f4 -> 
  custom:video-decoder-webm-vp8: 9c59270c3fd7afecdb556c50c9e8de78 -> 
  custom:audio-decoder-ogg-vorbis: bf7c407c2cedff20999df2af8eb42d56 -> 
  custom:audio-encoder-webm-vorbis: bf7c407c2cedff20999df2af8eb42d56 -> 
========================================================================
Received Import Request.
  path: Assets/GameScene/Textures/Push.psd
  artifactKey: Guid(7b40d15e87d70ec4b818535474697e31) Importer(815301076,1909f56bfc062723c751e8b465ee728b)
Start importing Assets/GameScene/Textures/Push.psd using Guid(7b40d15e87d70ec4b818535474697e31) Importer(815301076,1909f56bfc062723c751e8b465ee728b)  -> (artifact id: '75c2ca90bb18a0978c2ae2d1fa6d6f73') in 0.132890 seconds 
  Import took 0.136114 seconds .

========================================================================
Received Import Request.
  Time since last request: 0.000310 seconds.
  path: Assets/GameScene/Textures
  artifactKey: Guid(01b23f2812c5ec2418cee3ce0881940f) Importer(815301076,1909f56bfc062723c751e8b465ee728b)
Start importing Assets/GameScene/Textures using Guid(01b23f2812c5ec2418cee3ce0881940f) Importer(815301076,1909f56bfc062723c751e8b465ee728b)  -> (artifact id: 'aa4d17c1517185cfc5fd809ba0fdcea1') in 0.011289 seconds 
  Import took 0.015644 seconds .

========================================================================
Received Import Request.
  Time since last request: 0.000372 seconds.
  path: Assets/GameScene/Textures/Pull.psd
  artifactKey: Guid(c598a6ae5e7a9c74b9dfca2f676ddfd8) Importer(815301076,1909f56bfc062723c751e8b465ee728b)
Start importing Assets/GameScene/Textures/Pull.psd using Guid(c598a6ae5e7a9c74b9dfca2f676ddfd8) Importer(815301076,1909f56bfc062723c751e8b465ee728b)  -> (artifact id: 'bb90392c5d9e9213332e4001b180234b') in 0.025735 seconds 
  Import took 0.031353 seconds .

========================================================================
Received Import Request.
  Time since last request: 0.000328 seconds.
  path: Assets/GameScene/Textures/Star.psd
  artifactKey: Guid(1ad40e2e70de9424a9555f6f67c572ac) Importer(815301076,1909f56bfc062723c751e8b465ee728b)
Start importing Assets/GameScene/Textures/Star.psd using Guid(1ad40e2e70de9424a9555f6f67c572ac) Importer(815301076,1909f56bfc062723c751e8b465ee728b)  -> (artifact id: 'b3f1cfc5daed82ab1bd46fbcb074ac4c') in 0.024686 seconds 
  Import took 0.029267 seconds .

========================================================================
Received Import Request.
  Time since last request: 0.000351 seconds.
  path: Assets/GameScene/Textures/Wall.psd
  artifactKey: Guid(efa1b72303326114dbd8436b0ca37b85) Importer(815301076,1909f56bfc062723c751e8b465ee728b)
Start importing Assets/GameScene/Textures/Wall.psd using Guid(efa1b72303326114dbd8436b0ca37b85) Importer(815301076,1909f56bfc062723c751e8b465ee728b)  -> (artifact id: '9103fdd3a62f24696fd53a12dc948ce4') in 0.025825 seconds 
  Import took 0.032367 seconds .

========================================================================
Received Import Request.
  Time since last request: 0.000403 seconds.
  path: Assets/GameScene/Textures/Retry.psd
  artifactKey: Guid(3e6e6a577a844984e8a9fb9b3ec84fc3) Importer(815301076,1909f56bfc062723c751e8b465ee728b)
Start importing Assets/GameScene/Textures/Retry.psd using Guid(3e6e6a577a844984e8a9fb9b3ec84fc3) Importer(815301076,1909f56bfc062723c751e8b465ee728b)  -> (artifact id: '5b9b0f6ac62b8f5b39abe47ed3d18bac') in 0.035539 seconds 
  Import took 0.042103 seconds .

========================================================================
Received Import Request.
  Time since last request: 0.000458 seconds.
  path: Assets/GameScene/Textures/Camera.psd
  artifactKey: Guid(953337ed1ae31a54ba8ebbb04dabdbf8) Importer(815301076,1909f56bfc062723c751e8b465ee728b)
Start importing Assets/GameScene/Textures/Camera.psd using Guid(953337ed1ae31a54ba8ebbb04dabdbf8) Importer(815301076,1909f56bfc062723c751e8b465ee728b)  -> (artifact id: '9d66c70a6898af860bbc043d0f64b243') in 0.030551 seconds 
  Import took 0.036887 seconds .

========================================================================
Received Import Request.
  Time since last request: 0.000774 seconds.
  path: Assets/GameScene/Textures/Rainbow.psd
  artifactKey: Guid(8e781b387f003de4fbe6678a29c80c4b) Importer(815301076,1909f56bfc062723c751e8b465ee728b)
Start importing Assets/GameScene/Textures/Rainbow.psd using Guid(8e781b387f003de4fbe6678a29c80c4b) Importer(815301076,1909f56bfc062723c751e8b465ee728b)  -> (artifact id: '87a0ac25f94d6be01230bb80b65152c2') in 0.021573 seconds 
  Import took 0.028426 seconds .

========================================================================
Received Import Request.
  Time since last request: 0.000371 seconds.
  path: Assets/GameScene/Textures/Floor.psd
  artifactKey: Guid(12f351bc2c0c8f2479a911e80bde2df5) Importer(815301076,1909f56bfc062723c751e8b465ee728b)
Start importing Assets/GameScene/Textures/Floor.psd using Guid(12f351bc2c0c8f2479a911e80bde2df5) Importer(815301076,1909f56bfc062723c751e8b465ee728b)  -> (artifact id: 'f4eaaf4df25fb51603b1bf5119aec7a2') in 0.027302 seconds 
  Import took 0.033050 seconds .

========================================================================
Received Import Request.
  Time since last request: 11.259814 seconds.
  path: Assets/GameScene/Scripts/ActionModeSwitchButton.cs
  artifactKey: Guid(0d660eb29d7a9a540bcedb76e5b83151) Importer(815301076,1909f56bfc062723c751e8b465ee728b)
Start importing Assets/GameScene/Scripts/ActionModeSwitchButton.cs using Guid(0d660eb29d7a9a540bcedb76e5b83151) Importer(815301076,1909f56bfc062723c751e8b465ee728b)  -> (artifact id: '12c751e750d823af8c7a82818c884296') in 0.011803 seconds 
  Import took 0.016103 seconds .

========================================================================
Received Import Request.
  Time since last request: 0.001895 seconds.
  path: Assets/GameScene/Scripts/ActionModeSwitchButton.cs
  artifactKey: Guid(0d660eb29d7a9a540bcedb76e5b83151) Importer(815301076,1909f56bfc062723c751e8b465ee728b)
Start importing Assets/GameScene/Scripts/ActionModeSwitchButton.cs using Guid(0d660eb29d7a9a540bcedb76e5b83151) Importer(815301076,1909f56bfc062723c751e8b465ee728b)  -> (artifact id: '12c751e750d823af8c7a82818c884296') in 0.002341 seconds 
  Import took 0.005286 seconds .

========================================================================
Received Import Request.
  Time since last request: 29.120862 seconds.
  path: Assets/GameScene/GameScene.unity
  artifactKey: Guid(0b18782437fc2334baebc4267ae1aa78) Importer(815301076,1909f56bfc062723c751e8b465ee728b)
Start importing Assets/GameScene/GameScene.unity using Guid(0b18782437fc2334baebc4267ae1aa78) Importer(815301076,1909f56bfc062723c751e8b465ee728b)  -> (artifact id: '53bc914db781ae51e13e3c90308c87af') in 0.019556 seconds 
  Import took 0.024338 seconds .

========================================================================
Received Prepare
Registering precompiled user dll's ...
Registered in 0.002919 seconds.
Begin MonoManager ReloadAssembly
Native extension for WindowsStandalone target not found
Native extension for OSXStandalone target not found
Refreshing native plugins compatible for Editor in 0.35 ms, found 2 plugins.
Preloading 0 native plugins for Editor in 0.00 ms.
Mono: successfully reloaded assembly
- Completed reload, in  1.069 seconds
Domain Reload Profiling:
	ReloadAssembly (1070ms)
		BeginReloadAssembly (119ms)
			ExecutionOrderSort (0ms)
			DisableScriptedObjects (4ms)
			BackupInstance (0ms)
			ReleaseScriptingObjects (0ms)
			CreateAndSetChildDomain (34ms)
		EndReloadAssembly (873ms)
			LoadAssemblies (89ms)
			RebuildTransferFunctionScriptingTraits (0ms)
			SetupTypeCache (287ms)
			ReleaseScriptCaches (1ms)
			RebuildScriptCaches (43ms)
			SetupLoadedEditorAssemblies (292ms)
				LogAssemblyErrors (0ms)
				InitializePlatformSupportModulesInManaged (8ms)
				SetLoadedEditorAssemblies (1ms)
				RefreshPlugins (0ms)
				BeforeProcessingInitializeOnLoad (53ms)
				ProcessInitializeOnLoadAttributes (214ms)
				ProcessInitializeOnLoadMethodAttributes (6ms)
				AfterProcessingInitializeOnLoad (9ms)
				EditorAssembliesLoaded (0ms)
			ExecutionOrderSort2 (0ms)
			AwakeInstancesAfterBackupRestoration (9ms)
Platform modules already initialized, skipping
Refreshing native plugins compatible for Editor in 0.38 ms, found 2 plugins.
Preloading 0 native plugins for Editor in 0.00 ms.
Unloading 1397 Unused Serialized files (Serialized files now loaded: 0)
System memory in use before: 70.8 MB.
System memory in use after: 70.8 MB.

Unloading 14 unused Assets to reduce memory usage. Loaded Objects now: 1848.
Total: 3.078000 ms (FindLiveObjects: 0.134600 ms CreateObjectMapping: 0.050800 ms MarkObjects: 2.804600 ms  DeleteObjects: 0.085800 ms)

AssetImportParameters requested are different than current active one (requested -> active):
  custom:framework-win-MediaFoundation: 216162199b28c13a410421893ffa2e32 -> 
  custom:video-decoder-ogg-theora: a1e56fd34408186e4bbccfd4996cb3dc -> 
  custom:container-muxer-webm: aa71ff27fc2769a1b78a27578f13a17b -> 
  custom:container-demuxer-webm: 4f35f7cbe854078d1ac9338744f61a02 -> 
  custom:container-demuxer-ogg: 62fdf1f143b41e24485cea50d1cbac27 -> 
  custom:video-encoder-webm-vp8: eb34c28f22e8b96e1ab97ce403110664 -> 
  custom:video-codec-MediaFoundation-h265: 746d11721c4dcdbdad8f713fa42b33f4 -> 
  custom:video-decoder-webm-vp8: 9c59270c3fd7afecdb556c50c9e8de78 -> 
  custom:audio-decoder-ogg-vorbis: bf7c407c2cedff20999df2af8eb42d56 -> 
  custom:audio-encoder-webm-vorbis: bf7c407c2cedff20999df2af8eb42d56 -> 
